Loading plugins phase: Elapsed time ==> 0s.356ms
<CYPRESSTAG name="CyDsfit arguments...">
cydsfit arguments: -.fdsnotice -.fdswarpdepfile=warp_dependencies.txt -.fdselabdepfile=elab_dependencies.txt -.fdsbldfile=generated_files.txt -.fdsreffile=referenced_files.txt -p C:\Users\Quarin\Dropbox\Cypress\duurtlang_cyble\duurtlang-cyble\Paddestoel.cydsn\Paddestoel.cyprj -d CYBL10563-56LQXQ -s C:\Users\Quarin\Dropbox\Cypress\duurtlang_cyble\duurtlang-cyble\Paddestoel.cydsn\Generated_Source\PSoC4 -- -yv2 -q10 -ygs -o2 -v3 -.fftcfgtype=LE</CYPRESSTAG>
<CYPRESSTAG name="Design elaboration results...">
</CYPRESSTAG>
Elaboration phase: Elapsed time ==> 1s.741ms
<CYPRESSTAG name="HDL generation results...">
</CYPRESSTAG>
HDL generation phase: Elapsed time ==> 0s.071ms
<CYPRESSTAG name="Synthesis results...">

     | | | | | | |
   _________________
  -|               |-
  -|               |-
  -|               |-
  -|    CYPRESS    |-
  -|               |-
  -|               |-   Warp Verilog Synthesis Compiler: Version 6.3 IR 41
  -|               |-   Copyright (C) 1991-2001 Cypress Semiconductor
   |_______________|
     | | | | | | |

======================================================================
Compiling:  Paddestoel.v
Program  :   C:\Program Files (x86)\Cypress\PSoC Creator\4.0\PSoC Creator\warp\bin\warp.exe
Options  :    -yv2 -q10 -ygs -o2 -v3 -.fftcfgtype=LE -ya -.fftprj=C:\Users\Quarin\Dropbox\Cypress\duurtlang_cyble\duurtlang-cyble\Paddestoel.cydsn\Paddestoel.cyprj -dcpsoc3 Paddestoel.v -verilog
======================================================================

======================================================================
Compiling:  Paddestoel.v
Program  :   C:\Program Files (x86)\Cypress\PSoC Creator\4.0\PSoC Creator\warp\bin\warp.exe
Options  :    -yv2 -q10 -ygs -o2 -v3 -.fftcfgtype=LE -ya -.fftprj=C:\Users\Quarin\Dropbox\Cypress\duurtlang_cyble\duurtlang-cyble\Paddestoel.cydsn\Paddestoel.cyprj -dcpsoc3 Paddestoel.v -verilog
======================================================================

======================================================================
Compiling:  Paddestoel.v
Program  :   vlogfe
Options  :    -yv2 -q10 -ygs -o2 -v3 -.fftcfgtype=LE -ya -.fftprj=C:\Users\Quarin\Dropbox\Cypress\duurtlang_cyble\duurtlang-cyble\Paddestoel.cydsn\Paddestoel.cyprj -dcpsoc3 -verilog Paddestoel.v
======================================================================

vlogfe V6.3 IR 41:  Verilog parser
Wed Apr 26 00:34:56 2017


======================================================================
Compiling:  Paddestoel.v
Program  :   vpp
Options  :    -yv2 -q10 Paddestoel.v
======================================================================

vpp V6.3 IR 41:  Verilog Pre-Processor
Wed Apr 26 00:34:56 2017

Flattening file 'C:\Program Files (x86)\Cypress\PSoC Creator\4.0\PSoC Creator\psoc\content\cyprimitives\CyPrimitives.cylib\or_v1_0\or_v1_0.v'
Flattening file 'C:\Program Files (x86)\Cypress\PSoC Creator\4.0\PSoC Creator\psoc\content\cyprimitives\CyPrimitives.cylib\cy_constant_v1_0\cy_constant_v1_0.v'

vpp:  No errors.

Library 'work' => directory 'lcpsoc3'
General_symbol_table
General_symbol_table
Linking 'C:\Program Files (x86)\Cypress\PSoC Creator\4.0\PSoC Creator\warp\lib\common\std.vhd'.
Linking 'C:\Program Files (x86)\Cypress\PSoC Creator\4.0\PSoC Creator\warp\lib\common\cypress.vhd'.
Linking 'C:\Program Files (x86)\Cypress\PSoC Creator\4.0\PSoC Creator\warp\lib\common\work\cypress.vif'.
Linking 'C:\Program Files (x86)\Cypress\PSoC Creator\4.0\PSoC Creator\warp\lib\ieee\work\stdlogic.vif'.
Linking 'C:\Program Files (x86)\Cypress\PSoC Creator\4.0\PSoC Creator\warp\lib\common\stdlogic\lpmpkg.vif'.
Linking 'C:\Program Files (x86)\Cypress\PSoC Creator\4.0\PSoC Creator\warp\lib\common\stdlogic\rtlpkg.vif'.
Linking 'C:\Program Files (x86)\Cypress\PSoC Creator\4.0\PSoC Creator\warp\lib\common\stdlogic\mod_cnst.vif'.
Linking 'C:\Program Files (x86)\Cypress\PSoC Creator\4.0\PSoC Creator\warp\lib\common\stdlogic\mod_mthv.vif'.
Linking 'C:\Program Files (x86)\Cypress\PSoC Creator\4.0\PSoC Creator\warp\lib\common\stdlogic\mod_genv.vif'.
Using control file 'Paddestoel.ctl'.

vlogfe:  No errors.


======================================================================
Compiling:  Paddestoel.v
Program  :   tovif
Options  :    -yv2 -q10 -ygs -o2 -v3 -.fftcfgtype=LE -ya -.fftprj=C:\Users\Quarin\Dropbox\Cypress\duurtlang_cyble\duurtlang-cyble\Paddestoel.cydsn\Paddestoel.cyprj -dcpsoc3 -verilog Paddestoel.v
======================================================================

tovif V6.3 IR 41:  High-level synthesis
Wed Apr 26 00:34:56 2017

Linking 'C:\Program Files (x86)\Cypress\PSoC Creator\4.0\PSoC Creator\warp\lib\common\std.vhd'.
Linking 'C:\Program Files (x86)\Cypress\PSoC Creator\4.0\PSoC Creator\warp\lib\common\cypress.vhd'.
Linking 'C:\Program Files (x86)\Cypress\PSoC Creator\4.0\PSoC Creator\warp\lib\common\work\cypress.vif'.
Linking 'C:\Program Files (x86)\Cypress\PSoC Creator\4.0\PSoC Creator\warp\lib\ieee\work\stdlogic.vif'.
Linking 'C:\Program Files (x86)\Cypress\PSoC Creator\4.0\PSoC Creator\warp\lib\common\stdlogic\lpmpkg.vif'.
Linking 'C:\Program Files (x86)\Cypress\PSoC Creator\4.0\PSoC Creator\warp\lib\common\stdlogic\rtlpkg.vif'.
Linking 'C:\Program Files (x86)\Cypress\PSoC Creator\4.0\PSoC Creator\warp\lib\common\stdlogic\mod_cnst.vif'.
Linking 'C:\Program Files (x86)\Cypress\PSoC Creator\4.0\PSoC Creator\warp\lib\common\stdlogic\mod_mthv.vif'.
Linking 'C:\Program Files (x86)\Cypress\PSoC Creator\4.0\PSoC Creator\warp\lib\common\stdlogic\mod_genv.vif'.
Linking 'C:\Users\Quarin\Dropbox\Cypress\duurtlang_cyble\duurtlang-cyble\Paddestoel.cydsn\codegentemp\Paddestoel.ctl'.
Linking 'C:\Program Files (x86)\Cypress\PSoC Creator\4.0\PSoC Creator\psoc\content\cyprimitives\CyPrimitives.cylib\or_v1_0\or_v1_0.v'.
Linking 'C:\Users\Quarin\Dropbox\Cypress\duurtlang_cyble\duurtlang-cyble\Paddestoel.cydsn\codegentemp\Paddestoel.v'.
Linking 'C:\Program Files (x86)\Cypress\PSoC Creator\4.0\PSoC Creator\psoc\content\cyprimitives\CyPrimitives.cylib\cy_constant_v1_0\cy_constant_v1_0.v'.

tovif:  No errors.


======================================================================
Compiling:  Paddestoel.v
Program  :   topld
Options  :    -yv2 -q10 -ygs -o2 -v3 -.fftcfgtype=LE -ya -.fftprj=C:\Users\Quarin\Dropbox\Cypress\duurtlang_cyble\duurtlang-cyble\Paddestoel.cydsn\Paddestoel.cyprj -dcpsoc3 -verilog Paddestoel.v
======================================================================

topld V6.3 IR 41:  Synthesis and optimization
Wed Apr 26 00:34:56 2017

Linking 'C:\Program Files (x86)\Cypress\PSoC Creator\4.0\PSoC Creator\warp\lib\common\std.vhd'.
Linking 'C:\Program Files (x86)\Cypress\PSoC Creator\4.0\PSoC Creator\warp\lib\common\cypress.vhd'.
Linking 'C:\Program Files (x86)\Cypress\PSoC Creator\4.0\PSoC Creator\warp\lib\common\work\cypress.vif'.
Linking 'C:\Program Files (x86)\Cypress\PSoC Creator\4.0\PSoC Creator\warp\lib\ieee\work\stdlogic.vif'.
Linking 'C:\Program Files (x86)\Cypress\PSoC Creator\4.0\PSoC Creator\warp\lib\common\stdlogic\lpmpkg.vif'.
Linking 'C:\Program Files (x86)\Cypress\PSoC Creator\4.0\PSoC Creator\warp\lib\common\stdlogic\rtlpkg.vif'.
Linking 'C:\Program Files (x86)\Cypress\PSoC Creator\4.0\PSoC Creator\warp\lib\common\stdlogic\mod_cnst.vif'.
Linking 'C:\Program Files (x86)\Cypress\PSoC Creator\4.0\PSoC Creator\warp\lib\common\stdlogic\mod_mthv.vif'.
Linking 'C:\Program Files (x86)\Cypress\PSoC Creator\4.0\PSoC Creator\warp\lib\common\stdlogic\mod_genv.vif'.
Linking 'C:\Users\Quarin\Dropbox\Cypress\duurtlang_cyble\duurtlang-cyble\Paddestoel.cydsn\codegentemp\Paddestoel.ctl'.
Linking 'C:\Program Files (x86)\Cypress\PSoC Creator\4.0\PSoC Creator\psoc\content\cyprimitives\CyPrimitives.cylib\or_v1_0\or_v1_0.v'.
Linking 'C:\Users\Quarin\Dropbox\Cypress\duurtlang_cyble\duurtlang-cyble\Paddestoel.cydsn\codegentemp\Paddestoel.v'.
Linking 'C:\Program Files (x86)\Cypress\PSoC Creator\4.0\PSoC Creator\psoc\content\cyprimitives\CyPrimitives.cylib\cy_constant_v1_0\cy_constant_v1_0.v'.
Linking 'C:\Program Files (x86)\Cypress\PSoC Creator\4.0\PSoC Creator\warp\lib\lcpsoc3\stdlogic\cpsoc3.vif'.

----------------------------------------------------------
Detecting unused logic.
----------------------------------------------------------
    User names
	Net_3
	\BLE:Net_55\


Deleted 2 User equations/components.
Deleted 0 Synthesized equations/components.

------------------------------------------------------
Alias Detection
------------------------------------------------------
Aliasing one to tmpOE__Button_net_0
Removing Lhs of wire one[15] = tmpOE__Button_net_0[9]

------------------------------------------------------
Aliased 0 equations, 1 wires.
------------------------------------------------------

----------------------------------------------------------
Circuit simplification
----------------------------------------------------------

Substituting virtuals - pass 1:


----------------------------------------------------------
Circuit simplification results:

	Expanded 0 signals.
	Turned 0 signals into soft nodes.
	Maximum default expansion cost was set at 3.
----------------------------------------------------------

topld:  No errors.

CYPRESS_DIR    : C:\Program Files (x86)\Cypress\PSoC Creator\4.0\PSoC Creator\warp
Warp Program   : C:\Program Files (x86)\Cypress\PSoC Creator\4.0\PSoC Creator\warp\bin\warp.exe
Warp Arguments : -yv2 -q10 -ygs -o2 -v3 -.fftcfgtype=LE -ya -.fftprj=C:\Users\Quarin\Dropbox\Cypress\duurtlang_cyble\duurtlang-cyble\Paddestoel.cydsn\Paddestoel.cyprj -dcpsoc3 Paddestoel.v -verilog
</CYPRESSTAG>
Warp synthesis phase: Elapsed time ==> 0s.406ms
<CYPRESSTAG name="Fitter results...">
<CYPRESSTAG name="Fitter startup details...">
cyp3fit: V4.0.0.432, Family: PSoC3, Started at: Wednesday, 26 April 2017 00:34:56
Options: -yv2 -q10 -ygs -o2 -v3 -.fftcfgtype=LE -ya -.fftprj=C:\Users\Quarin\Dropbox\Cypress\duurtlang_cyble\duurtlang-cyble\Paddestoel.cydsn\Paddestoel.cyprj -d CYBL10563-56LQXQ Paddestoel.v -verilog
</CYPRESSTAG>
<CYPRESSTAG name="Design parsing">
Design parsing phase: Elapsed time ==> 0s.013ms
</CYPRESSTAG>
<CYPRESSTAG name="Tech Mapping">
<CYPRESSTAG name="Initial Mapping" icon="FILE_RPT_TECHM">
Assigning clock BLE_LFCLK to clock LFCLK because it is a pass-through
<CYPRESSTAG name="Global Clock Selection" icon="FILE_RPT_TECHM">
<CYPRESSTAG name="UDB Clock/Enable Remapping Results">
</CYPRESSTAG>
</CYPRESSTAG>
ADD: pft.M0040: information: The following 1 pin(s) will be assigned a location by the fitter: Button(0)

<CYPRESSTAG name="Duplicate Macrocell detection">
</CYPRESSTAG>
</CYPRESSTAG>
<CYPRESSTAG name="Duplicate Macrocell detection">
</CYPRESSTAG>
<CYPRESSTAG name="Design Equations" icon="FILE_RPT_EQUATION">

------------------------------------------------------------
Design Equations
------------------------------------------------------------
    <CYPRESSTAG name="Pin listing">

    ------------------------------------------------------------
    Pin listing
    ------------------------------------------------------------

    Pin : Name = Button(0)
        Attributes:
            In Group/Port: True
            In Sync Option: NOSYNC
            Out Sync Option: AUTO
            Interrupt generated: False
            Interrupt mode: NONE
            Drive mode: RES_PULL_UP
            VTrip: CMOS
            Slew: FAST
            Input Sync needed: False
            Output Sync needed: False
            SC shield enabled: False
            POR State: ANY
            LCD Mode: COMMON
            Register Mode: RegComb
            CaSense Mode: NEITHER
            Treat as pin: True
            Is OE Registered: False
            Uses Analog: False
            Can contain Digital: True
            Is SIO: False
            SIO Output Buf: NONREGULATED
            SIO Input Buf: SINGLE_ENDED
            SIO HiFreq: LOW
            SIO Hyst: DISABLED
            SIO Vtrip: MULTIPLIER_0_5
            SIO Multiplier Index: 0
            SIO RefSel: VCC_IO
            Required Capabilitites: DIGITAL
            Initial Value: 1
            IO Voltage: 0
        PORT MAP (
            pa_out => Button(0)__PA ,
            pad => Button(0)_PAD );
    </CYPRESSTAG>
    <CYPRESSTAG name="Macrocell listing" icon="FILE_RPT_EQUATION">
    </CYPRESSTAG>
    <CYPRESSTAG name="Datapath listing">
    </CYPRESSTAG>
    <CYPRESSTAG name="Status register listing">
    </CYPRESSTAG>
    <CYPRESSTAG name="StatusI register listing">
    </CYPRESSTAG>
    <CYPRESSTAG name="Sync listing">
    </CYPRESSTAG>
    <CYPRESSTAG name="Control register listing">
    </CYPRESSTAG>
    <CYPRESSTAG name="Count7 listing">
    </CYPRESSTAG>
    <CYPRESSTAG name="DRQ listing">
    </CYPRESSTAG>
    <CYPRESSTAG name="Interrupt listing">

    ------------------------------------------------------------
    Interrupt listing
    ------------------------------------------------------------

    interrupt: Name =\BLE:bless_isr\
        PORT MAP (
            interrupt => \BLE:Net_15\ );
        Properties:
        {
            int_type = "10"
            is_nmi = 0
        }
    </CYPRESSTAG>
</CYPRESSTAG>
<CYPRESSTAG name="Technology mapping summary" expanded>

------------------------------------------------------------
Technology mapping summary
------------------------------------------------------------

Resource Type                 : Used : Free :  Max :  % Used
============================================================
Digital Clocks                :    0 :    4 :    4 :  0.00 %
Interrupts                    :    1 :   31 :   32 :  3.13 %
IO                            :    5 :   33 :   38 : 13.16 %
Segment LCD                   :    0 :    1 :    1 :  0.00 %
CapSense                      :    0 :    1 :    1 :  0.00 %
Die Temp                      :    0 :    1 :    1 :  0.00 %
Serial Communication (SCB)    :    0 :    2 :    2 :  0.00 %
BLE                           :    1 :    0 :    1 : 100.00 %
Timer/Counter/PWM             :    0 :    4 :    4 :  0.00 %
Pre-configured Blocks         :    0 :    4 :    4 :  0.00 %
SAR ADC                       :    0 :    1 :    1 :  0.00 %
DAC                           :      :      :      :        
  7-bit IDAC                  :    0 :    1 :    1 :  0.00 %
  8-bit IDAC                  :    0 :    1 :    1 :  0.00 %
</CYPRESSTAG>
Technology Mapping: Elapsed time ==> 0s.010ms
Tech Mapping phase: Elapsed time ==> 0s.043ms
</CYPRESSTAG>
<CYPRESSTAG name="Analog Placement">
<CYPRESSTAG name="Analog Placement">
Elapsed time ==> 0.1628080s
</CYPRESSTAG>
Analog Placement phase: Elapsed time ==> 0s.426ms
</CYPRESSTAG>
<CYPRESSTAG name="Analog Routing">
<CYPRESSTAG name="Analog Routing">
Route success=True, Iterations=1 Elapsed=0.0011456 secs
</CYPRESSTAG>
Analog Routing phase: Elapsed time ==> 0s.001ms
</CYPRESSTAG>
<CYPRESSTAG name="Analog Code Generation">
============ Analog Final Answer Routes ============
Dump of CyAnalogRoutingResultsDB
Map of net to items {
}
Map of item to net {
}
Mux Info {
}
Analog Code Generation phase: Elapsed time ==> 0s.018ms
</CYPRESSTAG>
<CYPRESSTAG name="Digital Placement">
<CYPRESSTAG name="Detailed placement messages">
I2659: No Constrained paths were found. The placer will run in non-timing driven mode.
I2076: Total run-time: 0.3 sec.

</CYPRESSTAG>
<CYPRESSTAG name="PLD Packing">
<CYPRESSTAG name="PLD Packing Summary">
No PLDs were packed.
</CYPRESSTAG>
PLD Packing: Elapsed time ==> 0s.001ms
</CYPRESSTAG>
<CYPRESSTAG name="Partitioning">
<CYPRESSTAG name="Initial Partitioning Summary">
Initial Partitioning Summary not displayed at this verbose level.</CYPRESSTAG>
<CYPRESSTAG name="Final Partitioning Summary">
Final Partitioning Summary not displayed at this verbose level.</CYPRESSTAG>
Partitioning: Elapsed time ==> 0s.011ms
</CYPRESSTAG>
<CYPRESSTAG name="Final Placement Summary">

------------------------------------------------------------
Final Placement Summary
------------------------------------------------------------

       Resource Type :      Count : Avg Inputs : Avg Outputs
    ========================================================
                 UDB :          0 :       0.00 :       0.00
<CYPRESSTAG name="Final Placement Details">
<CYPRESSTAG name="Component Details">

------------------------------------------------------------
Component Placement Details
------------------------------------------------------------
UDB [UDB=(0,0)] is empty.
UDB [UDB=(0,1)] is empty.
UDB [UDB=(1,0)] is empty.
UDB [UDB=(1,1)] is empty.
Intr container @ [IntrContainer=(0)]: 
  Intr@ [IntrContainer=(0)][IntrId=(12)] 
    interrupt: Name =\BLE:bless_isr\
        PORT MAP (
            interrupt => \BLE:Net_15\ );
        Properties:
        {
            int_type = "10"
            is_nmi = 0
        }
Port 0 contains the following IO cells:
[IoId=0]: 
Pin : Name = Button(0)
    Attributes:
        In Group/Port: True
        In Sync Option: NOSYNC
        Out Sync Option: AUTO
        Interrupt generated: False
        Interrupt mode: NONE
        Drive mode: RES_PULL_UP
        VTrip: CMOS
        Slew: FAST
        Input Sync needed: False
        Output Sync needed: False
        SC shield enabled: False
        POR State: ANY
        LCD Mode: COMMON
        Register Mode: RegComb
        CaSense Mode: NEITHER
        Treat as pin: True
        Is OE Registered: False
        Uses Analog: False
        Can contain Digital: True
        Is SIO: False
        SIO Output Buf: NONREGULATED
        SIO Input Buf: SINGLE_ENDED
        SIO HiFreq: LOW
        SIO Hyst: DISABLED
        SIO Vtrip: MULTIPLIER_0_5
        SIO Multiplier Index: 0
        SIO RefSel: VCC_IO
        Required Capabilitites: DIGITAL
        Initial Value: 1
        IO Voltage: 0
    PORT MAP (
        pa_out => Button(0)__PA ,
        pad => Button(0)_PAD );
    Properties:
    {
    }

Port 1 is empty
Port 2 is empty
Port 3 is empty
Port 4 is empty
Port 5 is empty
Port 6 is empty
ARM group 0: empty
Clock group 0: 
    Clock Block @ F(Clock,0): 
    m0s8clockblockcell: Name =ClockBlock
        PORT MAP (
            hfclk => ClockBlock_HFCLK ,
            imo => ClockBlock_IMO ,
            ext => ClockBlock_EXTCLK ,
            sysclk => ClockBlock_SYSCLK ,
            eco => ClockBlock_ECO ,
            ilo => ClockBlock_ILO ,
            lfclk => ClockBlock_LFCLK ,
            wco => ClockBlock_WCO ,
            dsi_in_0 => ClockBlock_Routed1 );
        Properties:
        {
        }
PM group 0: empty
SPC group 0: empty
WDT group 0: empty
FSS group 0: empty
Serial Communication (SCB) group 0: empty
CapSense group 0: empty
8-bit IDAC group 0: empty
7-bit IDAC group 0: empty
Timer/Counter/PWM group 0: empty
Die Temp group 0: empty
SAR ADC group 0: empty
Segment LCD group 0: empty
CLK_GEN group 0: 
    M0S8 Clock Gen Block @ F(CLK_GEN,0): 
    m0s8clockgenblockcell: Name =ClockGenBlock
        PORT MAP (
             );
        Properties:
        {
        }
LPCOMPBLOCK group 0: empty
PASSBLOCK group 0: empty
ANAPUMP group 0: empty
BLE group 0: 
    BLE Block @ F(BLE,0): 
    p4blecell: Name =\BLE:cy_m0s8_ble\
        PORT MAP (
            interrupt => \BLE:Net_15\ ,
            rfctrl_extpa_en => Net_4 );
        Properties:
        {
            cy_registers = ""
        }
GANGED_PICU group 0: empty
WCO group 0: empty
</CYPRESSTAG>
<CYPRESSTAG name="Port Configuration Details">

------------------------------------------------------------
Port Configuration report
------------------------------------------------------------
     |     |       | Interrupt |                  |           | 
Port | Pin | Fixed |      Type |       Drive Mode |      Name | Connections
-----+-----+-------+-----------+------------------+-----------+------------
   0 |   0 |       |      NONE |      RES_PULL_UP | Button(0) | 
---------------------------------------------------------------------------
</CYPRESSTAG>
</CYPRESSTAG>
</CYPRESSTAG>
Digital component placer commit/Report: Elapsed time ==> 0s.001ms
Digital Placement phase: Elapsed time ==> 0s.511ms
</CYPRESSTAG>
<CYPRESSTAG name="Digital Routing">
Routing successful.
Digital Routing phase: Elapsed time ==> 0s.901ms
</CYPRESSTAG>
<CYPRESSTAG name="Bitstream Generation">
Bitstream Generation phase: Elapsed time ==> 0s.331ms
</CYPRESSTAG>
<CYPRESSTAG name="Bitstream Verification">
Bitstream Verification phase: Elapsed time ==> 0s.038ms
</CYPRESSTAG>
<CYPRESSTAG name="Static timing analysis">
Timing report is in Paddestoel_timing.html.
Static timing analysis phase: Elapsed time ==> 0s.180ms
</CYPRESSTAG>
<CYPRESSTAG name="Data reporting">
Data reporting phase: Elapsed time ==> 0s.000ms
</CYPRESSTAG>
<CYPRESSTAG name="Database update...">
Design database save phase: Elapsed time ==> 0s.204ms
</CYPRESSTAG>
cydsfit: Elapsed time ==> 2s.691ms
</CYPRESSTAG>
Fitter phase: Elapsed time ==> 2s.692ms
API generation phase: Elapsed time ==> 1s.313ms
Dependency generation phase: Elapsed time ==> 0s.061ms
Cleanup phase: Elapsed time ==> 0s.036ms
